Using pre-set license
Built from '2020.2/release' branch; Version is '2020.2.1f1 (270dd8c3da1c) revision 2559448'; Using compiler version '192528614'; Build Type 'Release'
OS: 'Windows 10  (10.0.0) 64bit' Language: 'en' Physical Memory: 16267 MB
BatchMode: 1, IsHumanControllingUs: 0, StartBugReporterOnCrash: 0, Is64bit: 1, IsPro: 0

 COMMAND LINE ARGUMENTS:
C:\Program Files\Unity\Hub\Editor\2020.2.1f1\Editor\Unity.exe
-adb2
-batchMode
-noUpm
-name
AssetImportWorker0
-projectPath
D:/Users/Marco Campos/Documents/GitHub/Withering/Withering
-logFile
Logs/AssetImportWorker0.log
-srvPort
61565
Successfully changed project path to: D:/Users/Marco Campos/Documents/GitHub/Withering/Withering
D:/Users/Marco Campos/Documents/GitHub/Withering/Withering
Using Asset Import Pipeline V2.
Refreshing native plugins compatible for Editor in 39.06 ms, found 1 plugins.
Preloading 0 native plugins for Editor in 0.00 ms.
Initialize engine version: 2020.2.1f1 (270dd8c3da1c)
[Subsystems] Discovering subsystems at path C:/Program Files/Unity/Hub/Editor/2020.2.1f1/Editor/Data/Resources/UnitySubsystems
[Subsystems] Discovering subsystems at path D:/Users/Marco Campos/Documents/GitHub/Withering/Withering/Assets
GfxDevice: creating device client; threaded=0
Direct3D:
    Version:  Direct3D 11.0 [level 11.1]
    Renderer: NVIDIA GeForce GTX 1060 (ID=0x1c20)
    Vendor:   
    VRAM:     6052 MB
    Driver:   27.21.14.6627
Initialize mono
Mono path[0] = 'C:/Program Files/Unity/Hub/Editor/2020.2.1f1/Editor/Data/Managed'
Mono path[1] = 'C:/Program Files/Unity/Hub/Editor/2020.2.1f1/Editor/Data/MonoBleedingEdge/lib/mono/unityjit'
Mono config path = 'C:/Program Files/Unity/Hub/Editor/2020.2.1f1/Editor/Data/MonoBleedingEdge/etc'
Using monoOptions --debugger-agent=transport=dt_socket,embedding=1,server=y,suspend=n,address=127.0.0.1:56984
Begin MonoManager ReloadAssembly
Registering precompiled unity dll's ...
Register platform support module: C:/Program Files/Unity/Hub/Editor/2020.2.1f1/Editor/Data/PlaybackEngines/WebGLSupport/UnityEditor.WebGL.Extensions.dll
Register platform support module: C:/Program Files/Unity/Hub/Editor/2020.2.1f1/Editor/Data/PlaybackEngines/WindowsStandaloneSupport/UnityEditor.WindowsStandalone.Extensions.dll
Registered in 0.002387 seconds.
Native extension for WindowsStandalone target not found
Native extension for WebGL target not found
Refreshing native plugins compatible for Editor in 43.30 ms, found 1 plugins.
Preloading 0 native plugins for Editor in 0.00 ms.
Invoked RoslynAnalysisRunner static constructor.
RoslynAnalysisRunner will not be running.
RoslynAnalysisRunner has terminated.
Mono: successfully reloaded assembly
- Completed reload, in  1.387 seconds
Platform modules already initialized, skipping
Registering precompiled user dll's ...
Registered in 0.000795 seconds.
Begin MonoManager ReloadAssembly
Native extension for WindowsStandalone target not found
Native extension for WebGL target not found
Refreshing native plugins compatible for Editor in 40.87 ms, found 1 plugins.
Preloading 0 native plugins for Editor in 0.00 ms.
Invoked RoslynAnalysisRunner static constructor.
RoslynAnalysisRunner will not be running.
RoslynAnalysisRunner has terminated.
Mono: successfully reloaded assembly
- Completed reload, in  1.083 seconds
Platform modules already initialized, skipping
========================================================================
Worker process is ready to serve import requests
Launched and connected shader compiler UnityShaderCompiler.exe after 0.05 seconds
Refreshing native plugins compatible for Editor in 0.35 ms, found 1 plugins.
Preloading 0 native plugins for Editor in 0.00 ms.
Unloading 1796 Unused Serialized files (Serialized files now loaded: 0)
System memory in use before: 84.3 MB.
System memory in use after: 84.3 MB.

Unloading 24 unused Assets to reduce memory usage. Loaded Objects now: 2239.
Total: 3.402600 ms (FindLiveObjects: 0.189500 ms CreateObjectMapping: 0.063300 ms MarkObjects: 2.967500 ms  DeleteObjects: 0.180700 ms)

========================================================================
Received Import Request.
  path: Assets/Sprites/personaje principal 2.0-caminando.png
  artifactKey: Guid(2b238f6b6aaf8be4893b4ac205dd8ec0) Importer(815301076,1909f56bfc062723c751e8b465ee728b)
Start importing Assets/Sprites/personaje principal 2.0-caminando.png using Guid(2b238f6b6aaf8be4893b4ac205dd8ec0) Importer(815301076,1909f56bfc062723c751e8b465ee728b)  -> (artifact id: 'e38cb5d59193d679f127f26abca811c6') in 0.142787 seconds
  Import took 0.147502 seconds .

========================================================================
Received Import Request.
  Time since last request: 0.000336 seconds.
  path: Assets/Sprites
  artifactKey: Guid(87b0d07ac9bd14747a2d32dfcadb3f29) Importer(815301076,1909f56bfc062723c751e8b465ee728b)
Start importing Assets/Sprites using Guid(87b0d07ac9bd14747a2d32dfcadb3f29) Importer(815301076,1909f56bfc062723c751e8b465ee728b)  -> (artifact id: '689346e782016bac9e48e26c4a857f91') in 0.002154 seconds
  Import took 0.006017 seconds .

========================================================================
Received Import Request.
  Time since last request: 0.000325 seconds.
  path: Assets/Sprites/worldTiles.png
  artifactKey: Guid(009b33d701f2659409d12ee0a492fe61) Importer(815301076,1909f56bfc062723c751e8b465ee728b)
Start importing Assets/Sprites/worldTiles.png using Guid(009b33d701f2659409d12ee0a492fe61) Importer(815301076,1909f56bfc062723c751e8b465ee728b)  -> (artifact id: '69f2a2eec20afc01f266587c983fe989') in 0.048382 seconds
  Import took 0.052838 seconds .

========================================================================
Received Import Request.
  Time since last request: 0.000290 seconds.
  path: Assets/Scripts
  artifactKey: Guid(e772e14dc0f2ec649910af36e64bcd71) Importer(815301076,1909f56bfc062723c751e8b465ee728b)
Start importing Assets/Scripts using Guid(e772e14dc0f2ec649910af36e64bcd71) Importer(815301076,1909f56bfc062723c751e8b465ee728b)  -> (artifact id: '965c529945ef3aedf57c30390f5a39ea') in 0.177171 seconds
  Import took 0.180732 seconds .

========================================================================
Received Import Request.
  Time since last request: 0.000305 seconds.
  path: Assets/Sprites/enemigo-flotar.png
  artifactKey: Guid(64352f3e128529f438b53c272f3bf693) Importer(815301076,1909f56bfc062723c751e8b465ee728b)
Start importing Assets/Sprites/enemigo-flotar.png using Guid(64352f3e128529f438b53c272f3bf693) Importer(815301076,1909f56bfc062723c751e8b465ee728b)  -> (artifact id: '3f8c752f8e156eda5e60316d06f986d5') in 0.053040 seconds
  Import took 0.056374 seconds .

========================================================================
Received Import Request.
  Time since last request: 102.718741 seconds.
  path: Assets/Prefabs
  artifactKey: Guid(2cd08129ee5fa094aaeba14f5675675c) Importer(815301076,1909f56bfc062723c751e8b465ee728b)
Start importing Assets/Prefabs using Guid(2cd08129ee5fa094aaeba14f5675675c) Importer(815301076,1909f56bfc062723c751e8b465ee728b)  -> (artifact id: '7867e740aece14dda54f5e36ba4f6469') in 0.016824 seconds
  Import took 0.025249 seconds .

========================================================================
Received Import Request.
  Time since last request: 0.061211 seconds.
  path: Assets/Prefabs/Player.prefab
  artifactKey: Guid(087ff19fadd075741b190e86c7d0e5bb) Importer(815301076,1909f56bfc062723c751e8b465ee728b)
Start importing Assets/Prefabs/Player.prefab using Guid(087ff19fadd075741b190e86c7d0e5bb) Importer(815301076,1909f56bfc062723c751e8b465ee728b) Asset 'PlayerMovement': Transition 'Walk_Down1 -> Idle' in state 'Walk_Down1' doesn't have an Exit Time or any condition, transition will be ignored
UnityEngine.StackTraceUtility:ExtractStackTrace ()
UnityEditor.EditorUtility:Internal_InstantiateRemoveAllNonAnimationComponentsSingle (UnityEngine.Object,UnityEngine.Vector3,UnityEngine.Quaternion)
UnityEditor.EditorUtility:InstantiateRemoveAllNonAnimationComponents (UnityEngine.Object,UnityEngine.Vector3,UnityEngine.Quaternion)
UnityEditor.EditorUtility:InstantiateForAnimatorPreview (UnityEngine.Object)
UnityEditor.GameObjectInspector/PreviewData:UpdateGameObject (UnityEngine.Object)
UnityEditor.GameObjectInspector/PreviewData:.ctor (UnityEngine.Object)
UnityEditor.GameObjectInspector:GetPreviewData ()
UnityEditor.GameObjectInspector:RenderStaticPreview (string,UnityEngine.Object[],int,int)
UnityEditor.AssetPreviewUpdater:CreatePreviewForAsset (UnityEngine.Object,UnityEngine.Object[],string)

[C:\buildslave\unity\build\Editor/Src/Animation/StateMachine.cpp line 1847]

 -> (artifact id: 'c116ac47f9a8f43cafa87a6d1e290956') in 0.066274 seconds
  Import took 0.073121 seconds .

========================================================================
Received Import Request.
  Time since last request: 0.000474 seconds.
  path: Assets/Prefabs/TestSpell.prefab
  artifactKey: Guid(fe2641991b9f43e43af6c77bb182edf1) Importer(815301076,1909f56bfc062723c751e8b465ee728b)
Start importing Assets/Prefabs/TestSpell.prefab using Guid(fe2641991b9f43e43af6c77bb182edf1) Importer(815301076,1909f56bfc062723c751e8b465ee728b)  -> (artifact id: '6da12f13c489cc11685ee0e83e85cbe4') in 0.024899 seconds
  Import took 0.028544 seconds .

========================================================================
Received Import Request.
  Time since last request: 0.000339 seconds.
  path: Assets/Prefabs/Test Enemy Spell.prefab
  artifactKey: Guid(c08dacd2398ce3a44ad0a1a058e7484a) Importer(815301076,1909f56bfc062723c751e8b465ee728b)
Start importing Assets/Prefabs/Test Enemy Spell.prefab using Guid(c08dacd2398ce3a44ad0a1a058e7484a) Importer(815301076,1909f56bfc062723c751e8b465ee728b)  -> (artifact id: '5a2f9cc9249317c41ace73c3927db6c7') in 0.024125 seconds
  Import took 0.029709 seconds .

========================================================================
Received Import Request.
  Time since last request: 0.000257 seconds.
  path: Assets/Prefabs/TestEnemy.prefab
  artifactKey: Guid(ca461d71a04c4384e8f5d85a29375e97) Importer(815301076,1909f56bfc062723c751e8b465ee728b)
Start importing Assets/Prefabs/TestEnemy.prefab using Guid(ca461d71a04c4384e8f5d85a29375e97) Importer(815301076,1909f56bfc062723c751e8b465ee728b)  -> (artifact id: 'c6a4d96eb9f2aa4d99a4c394a2e4e5ce') in 0.067288 seconds
  Import took 0.074138 seconds .

========================================================================
Received Import Request.
  Time since last request: 650.714721 seconds.
  path: Assets/Scripts/EnemyMovement.cs
  artifactKey: Guid(7a7cb62270c812144b8c42ef626f37e6) Importer(815301076,1909f56bfc062723c751e8b465ee728b)
Start importing Assets/Scripts/EnemyMovement.cs using Guid(7a7cb62270c812144b8c42ef626f37e6) Importer(815301076,1909f56bfc062723c751e8b465ee728b)  -> (artifact id: 'f360acd7fdecf6a16b41c4b1e47009fa') in 0.037886 seconds
  Import took 0.044378 seconds .

========================================================================
Received Prepare
Registering precompiled user dll's ...
Registered in 0.002177 seconds.
Begin MonoManager ReloadAssembly
Native extension for WindowsStandalone target not found
Native extension for WebGL target not found
Refreshing native plugins compatible for Editor in 0.38 ms, found 1 plugins.
Preloading 0 native plugins for Editor in 0.00 ms.
Invoked RoslynAnalysisRunner static constructor.
RoslynAnalysisRunner will not be running.
RoslynAnalysisRunner has terminated.
Mono: successfully reloaded assembly
- Completed reload, in  1.714 seconds
Platform modules already initialized, skipping
Refreshing native plugins compatible for Editor in 0.61 ms, found 1 plugins.
Preloading 0 native plugins for Editor in 0.00 ms.
Unloading 1792 Unused Serialized files (Serialized files now loaded: 0)
System memory in use before: 87.7 MB.
System memory in use after: 87.7 MB.

Unloading 14 unused Assets to reduce memory usage. Loaded Objects now: 2264.
Total: 7.531600 ms (FindLiveObjects: 0.630300 ms CreateObjectMapping: 0.321900 ms MarkObjects: 6.244100 ms  DeleteObjects: 0.331900 ms)

========================================================================
Received Prepare
Registering precompiled user dll's ...
Registered in 0.001142 seconds.
Begin MonoManager ReloadAssembly
Native extension for WindowsStandalone target not found
Native extension for WebGL target not found
Refreshing native plugins compatible for Editor in 1.19 ms, found 1 plugins.
Preloading 0 native plugins for Editor in 0.00 ms.
Invoked RoslynAnalysisRunner static constructor.
RoslynAnalysisRunner will not be running.
RoslynAnalysisRunner has terminated.
Mono: successfully reloaded assembly
- Completed reload, in  1.532 seconds
Platform modules already initialized, skipping
Refreshing native plugins compatible for Editor in 0.34 ms, found 1 plugins.
Preloading 0 native plugins for Editor in 0.00 ms.
Unloading 1792 Unused Serialized files (Serialized files now loaded: 0)
System memory in use before: 87.9 MB.
System memory in use after: 87.9 MB.

Unloading 12 unused Assets to reduce memory usage. Loaded Objects now: 2267.
Total: 2.183400 ms (FindLiveObjects: 0.192700 ms CreateObjectMapping: 0.072900 ms MarkObjects: 1.826300 ms  DeleteObjects: 0.090000 ms)

========================================================================
Received Import Request.
  Time since last request: 231.779728 seconds.
  path: Assets/Scripts/EnemyMovement.cs
  artifactKey: Guid(7a7cb62270c812144b8c42ef626f37e6) Importer(815301076,1909f56bfc062723c751e8b465ee728b)
Start importing Assets/Scripts/EnemyMovement.cs using Guid(7a7cb62270c812144b8c42ef626f37e6) Importer(815301076,1909f56bfc062723c751e8b465ee728b)  -> (artifact id: '1c5e72e954fc15250bdd19ee6ae7e522') in 0.009320 seconds
  Import took 0.013389 seconds .

========================================================================
Received Prepare
Registering precompiled user dll's ...
Registered in 0.000895 seconds.
Begin MonoManager ReloadAssembly
Native extension for WindowsStandalone target not found
Native extension for WebGL target not found
Refreshing native plugins compatible for Editor in 0.42 ms, found 1 plugins.
Preloading 0 native plugins for Editor in 0.00 ms.
Invoked RoslynAnalysisRunner static constructor.
RoslynAnalysisRunner will not be running.
RoslynAnalysisRunner has terminated.
Mono: successfully reloaded assembly
- Completed reload, in  1.259 seconds
Platform modules already initialized, skipping
Refreshing native plugins compatible for Editor in 0.47 ms, found 1 plugins.
Preloading 0 native plugins for Editor in 0.00 ms.
Unloading 1792 Unused Serialized files (Serialized files now loaded: 0)
System memory in use before: 88.0 MB.
System memory in use after: 88.0 MB.

Unloading 12 unused Assets to reduce memory usage. Loaded Objects now: 2270.
Total: 2.362500 ms (FindLiveObjects: 0.366900 ms CreateObjectMapping: 0.173400 ms MarkObjects: 1.724200 ms  DeleteObjects: 0.096500 ms)

========================================================================
Received Prepare
Registering precompiled user dll's ...
Registered in 0.001091 seconds.
Begin MonoManager ReloadAssembly
Native extension for WindowsStandalone target not found
Native extension for WebGL target not found
Refreshing native plugins compatible for Editor in 0.41 ms, found 1 plugins.
Preloading 0 native plugins for Editor in 0.00 ms.
Invoked RoslynAnalysisRunner static constructor.
RoslynAnalysisRunner will not be running.
RoslynAnalysisRunner has terminated.
Mono: successfully reloaded assembly
- Completed reload, in  1.310 seconds
Platform modules already initialized, skipping
Refreshing native plugins compatible for Editor in 0.38 ms, found 1 plugins.
Preloading 0 native plugins for Editor in 0.00 ms.
Unloading 1792 Unused Serialized files (Serialized files now loaded: 0)
System memory in use before: 88.1 MB.
System memory in use after: 88.1 MB.

Unloading 12 unused Assets to reduce memory usage. Loaded Objects now: 2273.
Total: 5.609300 ms (FindLiveObjects: 0.530500 ms CreateObjectMapping: 0.303200 ms MarkObjects: 4.504000 ms  DeleteObjects: 0.268200 ms)

========================================================================
Received Prepare
Registering precompiled user dll's ...
Registered in 0.002832 seconds.
Begin MonoManager ReloadAssembly
Native extension for WindowsStandalone target not found
Native extension for WebGL target not found
Refreshing native plugins compatible for Editor in 0.37 ms, found 1 plugins.
Preloading 0 native plugins for Editor in 0.00 ms.
Invoked RoslynAnalysisRunner static constructor.
RoslynAnalysisRunner will not be running.
RoslynAnalysisRunner has terminated.
Mono: successfully reloaded assembly
- Completed reload, in  1.266 seconds
Platform modules already initialized, skipping
Refreshing native plugins compatible for Editor in 0.44 ms, found 1 plugins.
Preloading 0 native plugins for Editor in 0.00 ms.
Unloading 1792 Unused Serialized files (Serialized files now loaded: 0)
System memory in use before: 88.2 MB.
System memory in use after: 88.2 MB.

Unloading 12 unused Assets to reduce memory usage. Loaded Objects now: 2276.
Total: 2.767600 ms (FindLiveObjects: 0.246200 ms CreateObjectMapping: 0.130000 ms MarkObjects: 2.250700 ms  DeleteObjects: 0.139100 ms)

========================================================================
Received Import Request.
  Time since last request: 457.881171 seconds.
  path: Assets/Scripts/PlayerMovement.cs
  artifactKey: Guid(c4571e68569a5ae488fd68954954ae88) Importer(815301076,1909f56bfc062723c751e8b465ee728b)
Start importing Assets/Scripts/PlayerMovement.cs using Guid(c4571e68569a5ae488fd68954954ae88) Importer(815301076,1909f56bfc062723c751e8b465ee728b)  -> (artifact id: 'e7858f6d0b039299e694510ed4cb7100') in 0.015112 seconds
  Import took 0.021027 seconds .

========================================================================
Received Prepare
Registering precompiled user dll's ...
Registered in 0.002042 seconds.
Begin MonoManager ReloadAssembly
Native extension for WindowsStandalone target not found
Native extension for WebGL target not found
Refreshing native plugins compatible for Editor in 1.01 ms, found 1 plugins.
Preloading 0 native plugins for Editor in 0.00 ms.
Invoked RoslynAnalysisRunner static constructor.
RoslynAnalysisRunner will not be running.
RoslynAnalysisRunner has terminated.
Mono: successfully reloaded assembly
- Completed reload, in  1.294 seconds
Platform modules already initialized, skipping
Refreshing native plugins compatible for Editor in 0.54 ms, found 1 plugins.
Preloading 0 native plugins for Editor in 0.00 ms.
Unloading 1792 Unused Serialized files (Serialized files now loaded: 0)
System memory in use before: 88.3 MB.
System memory in use after: 88.3 MB.

Unloading 12 unused Assets to reduce memory usage. Loaded Objects now: 2279.
Total: 2.821400 ms (FindLiveObjects: 0.327700 ms CreateObjectMapping: 0.085700 ms MarkObjects: 2.300700 ms  DeleteObjects: 0.105100 ms)

========================================================================
Received Import Request.
  Time since last request: 57.903570 seconds.
  path: Assets/Scripts/PlayerMovement.cs
  artifactKey: Guid(c4571e68569a5ae488fd68954954ae88) Importer(815301076,1909f56bfc062723c751e8b465ee728b)
Start importing Assets/Scripts/PlayerMovement.cs using Guid(c4571e68569a5ae488fd68954954ae88) Importer(815301076,1909f56bfc062723c751e8b465ee728b)  -> (artifact id: '1c62fed94dece3acf4a5265ce2c4f7e3') in 0.005509 seconds
  Import took 0.009545 seconds .

========================================================================
Received Import Request.
  Time since last request: 37.581198 seconds.
  path: Assets/Scripts/PlayerMovement.cs
  artifactKey: Guid(c4571e68569a5ae488fd68954954ae88) Importer(815301076,1909f56bfc062723c751e8b465ee728b)
Start importing Assets/Scripts/PlayerMovement.cs using Guid(c4571e68569a5ae488fd68954954ae88) Importer(815301076,1909f56bfc062723c751e8b465ee728b)  -> (artifact id: '880bf880303596b39d7ae8199f96c1fe') in 0.006785 seconds
  Import took 0.015822 seconds .

========================================================================
Received Prepare
Registering precompiled user dll's ...
Registered in 0.000932 seconds.
Begin MonoManager ReloadAssembly
Native extension for WindowsStandalone target not found
Native extension for WebGL target not found
Refreshing native plugins compatible for Editor in 0.50 ms, found 1 plugins.
Preloading 0 native plugins for Editor in 0.00 ms.
Invoked RoslynAnalysisRunner static constructor.
RoslynAnalysisRunner will not be running.
RoslynAnalysisRunner has terminated.
Mono: successfully reloaded assembly
- Completed reload, in  1.210 seconds
Platform modules already initialized, skipping
Refreshing native plugins compatible for Editor in 0.56 ms, found 1 plugins.
Preloading 0 native plugins for Editor in 0.00 ms.
Unloading 1792 Unused Serialized files (Serialized files now loaded: 0)
System memory in use before: 88.4 MB.
System memory in use after: 88.4 MB.

Unloading 12 unused Assets to reduce memory usage. Loaded Objects now: 2282.
Total: 5.600700 ms (FindLiveObjects: 0.530900 ms CreateObjectMapping: 0.302500 ms MarkObjects: 4.430400 ms  DeleteObjects: 0.332500 ms)

========================================================================
Received Import Request.
  Time since last request: 61.083963 seconds.
  path: Assets/Scripts/PlayerMovement.cs
  artifactKey: Guid(c4571e68569a5ae488fd68954954ae88) Importer(815301076,1909f56bfc062723c751e8b465ee728b)
Start importing Assets/Scripts/PlayerMovement.cs using Guid(c4571e68569a5ae488fd68954954ae88) Importer(815301076,1909f56bfc062723c751e8b465ee728b)  -> (artifact id: 'b7762d6129cde099e381fdf059f9a954') in 0.007548 seconds
  Import took 0.015298 seconds .

========================================================================
Received Prepare
Registering precompiled user dll's ...
Registered in 0.002987 seconds.
Begin MonoManager ReloadAssembly
Native extension for WindowsStandalone target not found
Native extension for WebGL target not found
Refreshing native plugins compatible for Editor in 0.78 ms, found 1 plugins.
Preloading 0 native plugins for Editor in 0.00 ms.
Invoked RoslynAnalysisRunner static constructor.
RoslynAnalysisRunner will not be running.
RoslynAnalysisRunner has terminated.
Mono: successfully reloaded assembly
- Completed reload, in  1.264 seconds
Platform modules already initialized, skipping
Refreshing native plugins compatible for Editor in 0.59 ms, found 1 plugins.
Preloading 0 native plugins for Editor in 0.00 ms.
Unloading 1792 Unused Serialized files (Serialized files now loaded: 0)
System memory in use before: 88.5 MB.
System memory in use after: 88.5 MB.

Unloading 12 unused Assets to reduce memory usage. Loaded Objects now: 2285.
Total: 2.551000 ms (FindLiveObjects: 0.322100 ms CreateObjectMapping: 0.164600 ms MarkObjects: 1.955700 ms  DeleteObjects: 0.106800 ms)

========================================================================
Received Prepare
Registering precompiled user dll's ...
Registered in 0.001447 seconds.
Begin MonoManager ReloadAssembly
Native extension for WindowsStandalone target not found
Native extension for WebGL target not found
Refreshing native plugins compatible for Editor in 0.33 ms, found 1 plugins.
Preloading 0 native plugins for Editor in 0.00 ms.
Invoked RoslynAnalysisRunner static constructor.
RoslynAnalysisRunner will not be running.
RoslynAnalysisRunner has terminated.
Mono: successfully reloaded assembly
- Completed reload, in  1.199 seconds
Platform modules already initialized, skipping
Refreshing native plugins compatible for Editor in 0.77 ms, found 1 plugins.
Preloading 0 native plugins for Editor in 0.00 ms.
Unloading 1792 Unused Serialized files (Serialized files now loaded: 0)
System memory in use before: 88.6 MB.
System memory in use after: 88.6 MB.

Unloading 12 unused Assets to reduce memory usage. Loaded Objects now: 2288.
Total: 2.630500 ms (FindLiveObjects: 0.444600 ms CreateObjectMapping: 0.129800 ms MarkObjects: 1.897800 ms  DeleteObjects: 0.156300 ms)

========================================================================
Received Import Request.
  Time since last request: 180.206195 seconds.
  path: Assets/Scripts/PlayerMovement.cs
  artifactKey: Guid(c4571e68569a5ae488fd68954954ae88) Importer(815301076,1909f56bfc062723c751e8b465ee728b)
Start importing Assets/Scripts/PlayerMovement.cs using Guid(c4571e68569a5ae488fd68954954ae88) Importer(815301076,1909f56bfc062723c751e8b465ee728b)  -> (artifact id: '5e2a7302647a64d8dde9321e6010cf1f') in 0.009771 seconds
  Import took 0.017303 seconds .

========================================================================
Received Prepare
Registering precompiled user dll's ...
Registered in 0.000856 seconds.
Begin MonoManager ReloadAssembly
Native extension for WindowsStandalone target not found
Native extension for WebGL target not found
Refreshing native plugins compatible for Editor in 0.55 ms, found 1 plugins.
Preloading 0 native plugins for Editor in 0.00 ms.
Invoked RoslynAnalysisRunner static constructor.
RoslynAnalysisRunner will not be running.
RoslynAnalysisRunner has terminated.
Mono: successfully reloaded assembly
- Completed reload, in  1.328 seconds
Platform modules already initialized, skipping
Refreshing native plugins compatible for Editor in 1.20 ms, found 1 plugins.
Preloading 0 native plugins for Editor in 0.00 ms.
Unloading 1792 Unused Serialized files (Serialized files now loaded: 0)
System memory in use before: 88.8 MB.
System memory in use after: 88.8 MB.

Unloading 12 unused Assets to reduce memory usage. Loaded Objects now: 2291.
Total: 4.431100 ms (FindLiveObjects: 0.248300 ms CreateObjectMapping: 0.083000 ms MarkObjects: 3.853300 ms  DeleteObjects: 0.243000 ms)

========================================================================
Received Import Request.
  Time since last request: 165.804460 seconds.
  path: Assets/Scripts/PlayerMovement.cs
  artifactKey: Guid(c4571e68569a5ae488fd68954954ae88) Importer(815301076,1909f56bfc062723c751e8b465ee728b)
Start importing Assets/Scripts/PlayerMovement.cs using Guid(c4571e68569a5ae488fd68954954ae88) Importer(815301076,1909f56bfc062723c751e8b465ee728b)  -> (artifact id: 'e6a0fca46478460c7326ede5c7d970da') in 0.005447 seconds
  Import took 0.008838 seconds .

========================================================================
Received Prepare
Registering precompiled user dll's ...
Registered in 0.001162 seconds.
Begin MonoManager ReloadAssembly
Native extension for WindowsStandalone target not found
Native extension for WebGL target not found
Refreshing native plugins compatible for Editor in 0.43 ms, found 1 plugins.
Preloading 0 native plugins for Editor in 0.00 ms.
Invoked RoslynAnalysisRunner static constructor.
RoslynAnalysisRunner will not be running.
RoslynAnalysisRunner has terminated.
Mono: successfully reloaded assembly
- Completed reload, in  1.241 seconds
Platform modules already initialized, skipping
Refreshing native plugins compatible for Editor in 0.61 ms, found 1 plugins.
Preloading 0 native plugins for Editor in 0.00 ms.
Unloading 1792 Unused Serialized files (Serialized files now loaded: 0)
System memory in use before: 88.9 MB.
System memory in use after: 88.9 MB.

Unloading 12 unused Assets to reduce memory usage. Loaded Objects now: 2294.
Total: 4.037400 ms (FindLiveObjects: 0.539900 ms CreateObjectMapping: 0.303500 ms MarkObjects: 2.984500 ms  DeleteObjects: 0.207200 ms)

========================================================================
Received Import Request.
  Time since last request: 28.654242 seconds.
  path: Assets/Scripts/PlayerMovement.cs
  artifactKey: Guid(c4571e68569a5ae488fd68954954ae88) Importer(815301076,1909f56bfc062723c751e8b465ee728b)
Start importing Assets/Scripts/PlayerMovement.cs using Guid(c4571e68569a5ae488fd68954954ae88) Importer(815301076,1909f56bfc062723c751e8b465ee728b)  -> (artifact id: '17bbb2b5ffe87f3e5213f9969983e3ff') in 0.015992 seconds
  Import took 0.024652 seconds .

========================================================================
Received Prepare
Registering precompiled user dll's ...
Registered in 0.000775 seconds.
Begin MonoManager ReloadAssembly
Native extension for WindowsStandalone target not found
Native extension for WebGL target not found
Refreshing native plugins compatible for Editor in 0.58 ms, found 1 plugins.
Preloading 0 native plugins for Editor in 0.00 ms.
Invoked RoslynAnalysisRunner static constructor.
RoslynAnalysisRunner will not be running.
RoslynAnalysisRunner has terminated.
Mono: successfully reloaded assembly
- Completed reload, in  1.194 seconds
Platform modules already initialized, skipping
Refreshing native plugins compatible for Editor in 0.41 ms, found 1 plugins.
Preloading 0 native plugins for Editor in 0.00 ms.
Unloading 1792 Unused Serialized files (Serialized files now loaded: 0)
System memory in use before: 89.0 MB.
System memory in use after: 89.0 MB.

Unloading 12 unused Assets to reduce memory usage. Loaded Objects now: 2297.
Total: 2.893600 ms (FindLiveObjects: 0.275700 ms CreateObjectMapping: 0.083600 ms MarkObjects: 2.339900 ms  DeleteObjects: 0.192400 ms)

========================================================================
Received Import Request.
  Time since last request: 60.788103 seconds.
  path: Assets/Scripts/PlayerMovement.cs
  artifactKey: Guid(c4571e68569a5ae488fd68954954ae88) Importer(815301076,1909f56bfc062723c751e8b465ee728b)
Start importing Assets/Scripts/PlayerMovement.cs using Guid(c4571e68569a5ae488fd68954954ae88) Importer(815301076,1909f56bfc062723c751e8b465ee728b)  -> (artifact id: 'a6fefe1109a28fbbd9d16e07f990950d') in 0.007331 seconds
  Import took 0.010720 seconds .

========================================================================
Received Prepare
Registering precompiled user dll's ...
Registered in 0.002257 seconds.
Begin MonoManager ReloadAssembly
Native extension for WindowsStandalone target not found
Native extension for WebGL target not found
Refreshing native plugins compatible for Editor in 0.33 ms, found 1 plugins.
Preloading 0 native plugins for Editor in 0.00 ms.
Invoked RoslynAnalysisRunner static constructor.
RoslynAnalysisRunner will not be running.
RoslynAnalysisRunner has terminated.
Mono: successfully reloaded assembly
- Completed reload, in  1.209 seconds
Platform modules already initialized, skipping
Refreshing native plugins compatible for Editor in 0.49 ms, found 1 plugins.
Preloading 0 native plugins for Editor in 0.00 ms.
Unloading 1792 Unused Serialized files (Serialized files now loaded: 0)
System memory in use before: 89.1 MB.
System memory in use after: 89.1 MB.

Unloading 12 unused Assets to reduce memory usage. Loaded Objects now: 2300.
Total: 3.863700 ms (FindLiveObjects: 0.586000 ms CreateObjectMapping: 0.141600 ms MarkObjects: 2.665800 ms  DeleteObjects: 0.467200 ms)

========================================================================
Received Import Request.
  Time since last request: 295.307766 seconds.
  path: Assets/Scripts/PlayerMovement.cs
  artifactKey: Guid(c4571e68569a5ae488fd68954954ae88) Importer(815301076,1909f56bfc062723c751e8b465ee728b)
Start importing Assets/Scripts/PlayerMovement.cs using Guid(c4571e68569a5ae488fd68954954ae88) Importer(815301076,1909f56bfc062723c751e8b465ee728b)  -> (artifact id: 'e9985007d9f2d2100f8313f6854c7303') in 0.004842 seconds
  Import took 0.008242 seconds .

========================================================================
Received Prepare
Registering precompiled user dll's ...
Registered in 0.000878 seconds.
Begin MonoManager ReloadAssembly
Native extension for WindowsStandalone target not found
Native extension for WebGL target not found
Refreshing native plugins compatible for Editor in 0.45 ms, found 1 plugins.
Preloading 0 native plugins for Editor in 0.00 ms.
Invoked RoslynAnalysisRunner static constructor.
RoslynAnalysisRunner will not be running.
RoslynAnalysisRunner has terminated.
Mono: successfully reloaded assembly
- Completed reload, in  1.258 seconds
Platform modules already initialized, skipping
Refreshing native plugins compatible for Editor in 0.34 ms, found 1 plugins.
Preloading 0 native plugins for Editor in 0.00 ms.
Unloading 1792 Unused Serialized files (Serialized files now loaded: 0)
System memory in use before: 89.2 MB.
System memory in use after: 89.2 MB.

Unloading 12 unused Assets to reduce memory usage. Loaded Objects now: 2303.
Total: 5.094900 ms (FindLiveObjects: 0.384300 ms CreateObjectMapping: 0.136800 ms MarkObjects: 4.235300 ms  DeleteObjects: 0.334200 ms)

========================================================================
Received Import Request.
  Time since last request: 36.558898 seconds.
  path: Assets/Scripts/PlayerMovement.cs
  artifactKey: Guid(c4571e68569a5ae488fd68954954ae88) Importer(815301076,1909f56bfc062723c751e8b465ee728b)
Start importing Assets/Scripts/PlayerMovement.cs using Guid(c4571e68569a5ae488fd68954954ae88) Importer(815301076,1909f56bfc062723c751e8b465ee728b)  -> (artifact id: 'a1f5495bb85beaee514e5ea1447fe835') in 0.004608 seconds
  Import took 0.007777 seconds .

========================================================================
Received Prepare
Registering precompiled user dll's ...
Registered in 0.000842 seconds.
Begin MonoManager ReloadAssembly
Native extension for WindowsStandalone target not found
Native extension for WebGL target not found
Refreshing native plugins compatible for Editor in 0.39 ms, found 1 plugins.
Preloading 0 native plugins for Editor in 0.00 ms.
Invoked RoslynAnalysisRunner static constructor.
RoslynAnalysisRunner will not be running.
RoslynAnalysisRunner has terminated.
Mono: successfully reloaded assembly
- Completed reload, in  1.296 seconds
Platform modules already initialized, skipping
Refreshing native plugins compatible for Editor in 0.51 ms, found 1 plugins.
Preloading 0 native plugins for Editor in 0.00 ms.
Unloading 1792 Unused Serialized files (Serialized files now loaded: 0)
System memory in use before: 89.3 MB.
System memory in use after: 89.3 MB.

Unloading 12 unused Assets to reduce memory usage. Loaded Objects now: 2306.
Total: 4.984900 ms (FindLiveObjects: 0.460400 ms CreateObjectMapping: 0.186800 ms MarkObjects: 3.988800 ms  DeleteObjects: 0.345700 ms)

========================================================================
Received Prepare
Registering precompiled user dll's ...
Registered in 0.001010 seconds.
Begin MonoManager ReloadAssembly
Native extension for WindowsStandalone target not found
Native extension for WebGL target not found
Refreshing native plugins compatible for Editor in 0.95 ms, found 1 plugins.
Preloading 0 native plugins for Editor in 0.00 ms.
Invoked RoslynAnalysisRunner static constructor.
RoslynAnalysisRunner will not be running.
RoslynAnalysisRunner has terminated.
Mono: successfully reloaded assembly
- Completed reload, in  1.293 seconds
Platform modules already initialized, skipping
Refreshing native plugins compatible for Editor in 0.89 ms, found 1 plugins.
Preloading 0 native plugins for Editor in 0.00 ms.
Unloading 1792 Unused Serialized files (Serialized files now loaded: 0)
System memory in use before: 89.4 MB.
System memory in use after: 89.4 MB.

Unloading 12 unused Assets to reduce memory usage. Loaded Objects now: 2309.
Total: 5.781700 ms (FindLiveObjects: 0.452500 ms CreateObjectMapping: 0.265100 ms MarkObjects: 4.739100 ms  DeleteObjects: 0.321300 ms)

========================================================================
Received Import Request.
  Time since last request: 556.940334 seconds.
  path: Assets/Sprites/worldTiles.png
  artifactKey: Guid(009b33d701f2659409d12ee0a492fe61) Importer(815301076,1909f56bfc062723c751e8b465ee728b)
Start importing Assets/Sprites/worldTiles.png using Guid(009b33d701f2659409d12ee0a492fe61) Importer(815301076,1909f56bfc062723c751e8b465ee728b)  -> (artifact id: '7352889495ca37e5bb5978cf2be6b69f') in 0.095753 seconds
  Import took 0.099671 seconds .

AssetImportWorkerClient::OnTransportError - code=2 error=End of file
